{"level":"info","message":"OCR successful for image: uploads\\6e3a99d00f73949f7bb0fe6c265798a6","timestamp":"2024-11-13T09:04:40.063Z"}
{"level":"info","message":"Translation successful for text from image: \"WARNING: Tesseract should be either installed in the directory which is suggested during the installation or in a new\r\ndirectory. The uninstaller removes the whole installation directory. If you installed Tesseract in an existing directory, that\r\ndirectory will be removed with all its subdirectories and files.\r\n\"","timestamp":"2024-11-13T09:04:40.570Z"}
{"level":"error","message":"PDF creation error for file output_1731488680571.pdf: ENOENT: no such file or directory, open 'C:\\Users\\DELL\\OneDrive - vnu.edu.vn\\Documents\\GitHub\\Project-Img2Txt-KTPM\\font\\Roboto-Regular.ttf'","timestamp":"2024-11-13T09:04:40.597Z"}
{"level":"error","message":"Error processing image uploads\\6e3a99d00f73949f7bb0fe6c265798a6: PDF creation failed for file output_1731488680571.pdf","timestamp":"2024-11-13T09:04:40.598Z"}
{"level":"error","message":"Failed to process image uploads\\6e3a99d00f73949f7bb0fe6c265798a6: Processing error for image uploads\\6e3a99d00f73949f7bb0fe6c265798a6","timestamp":"2024-11-13T09:04:40.599Z"}
{"level":"info","message":"OCR successful for image: uploads\\bfa8f7031d043456645d4b032e9962e2","timestamp":"2024-11-13T09:05:01.511Z"}
{"level":"info","message":"Translation successful for text from image: \"WARNING: Tesseract should be either installed in the directory which is suggested during the installation or in a new\r\ndirectory. The uninstaller removes the whole installation directory. If you installed Tesseract in an existing directory, that\r\ndirectory will be removed with all its subdirectories and files.\r\n\"","timestamp":"2024-11-13T09:05:01.769Z"}
{"level":"error","message":"PDF creation error for file output_1731488701771.pdf: ENOENT: no such file or directory, open 'C:\\Users\\DELL\\OneDrive - vnu.edu.vn\\Documents\\GitHub\\Project-Img2Txt-KTPM\\font\\Roboto-Regular.ttf'","timestamp":"2024-11-13T09:05:01.786Z"}
{"level":"error","message":"Error processing image uploads\\bfa8f7031d043456645d4b032e9962e2: PDF creation failed for file output_1731488701771.pdf","timestamp":"2024-11-13T09:05:01.788Z"}
{"level":"error","message":"Failed to process image uploads\\bfa8f7031d043456645d4b032e9962e2: Processing error for image uploads\\bfa8f7031d043456645d4b032e9962e2","timestamp":"2024-11-13T09:05:01.789Z"}
{"level":"info","message":"OCR successful for image: uploads\\c9c49bd58bb2cff4c3e847b408984c4d","timestamp":"2024-11-13T09:05:03.072Z"}
{"level":"info","message":"OCR successful for image: uploads\\5dc20d0cf385e51f022281bbeec300ca","timestamp":"2024-11-13T09:05:03.194Z"}
{"level":"info","message":"Translation successful for text from image: \"WARNING: Tesseract should be either installed in the directory which is suggested during the installation or in a new\r\ndirectory. The uninstaller removes the whole installation directory. If you installed Tesseract in an existing directory, that\r\ndirectory will be removed with all its subdirectories and files.\r\n\"","timestamp":"2024-11-13T09:05:03.217Z"}
{"level":"error","message":"PDF creation error for file output_1731488703219.pdf: ENOENT: no such file or directory, open 'C:\\Users\\DELL\\OneDrive - vnu.edu.vn\\Documents\\GitHub\\Project-Img2Txt-KTPM\\font\\Roboto-Regular.ttf'","timestamp":"2024-11-13T09:05:03.231Z"}
{"level":"error","message":"Error processing image uploads\\c9c49bd58bb2cff4c3e847b408984c4d: PDF creation failed for file output_1731488703219.pdf","timestamp":"2024-11-13T09:05:03.232Z"}
{"level":"error","message":"Failed to process image uploads\\c9c49bd58bb2cff4c3e847b408984c4d: Processing error for image uploads\\c9c49bd58bb2cff4c3e847b408984c4d","timestamp":"2024-11-13T09:05:03.233Z"}
{"level":"info","message":"OCR successful for image: uploads\\7f308d69d9efdcc8848b33bda6144b04","timestamp":"2024-11-13T09:05:03.297Z"}
{"level":"info","message":"Translation successful for text from image: \"WARNING: Tesseract should be either installed in the directory which is suggested during the installation or in a new\r\ndirectory. The uninstaller removes the whole installation directory. If you installed Tesseract in an existing directory, that\r\ndirectory will be removed with all its subdirectories and files.\r\n\"","timestamp":"2024-11-13T09:05:03.335Z"}
{"level":"error","message":"PDF creation error for file output_1731488703337.pdf: ENOENT: no such file or directory, open 'C:\\Users\\DELL\\OneDrive - vnu.edu.vn\\Documents\\GitHub\\Project-Img2Txt-KTPM\\font\\Roboto-Regular.ttf'","timestamp":"2024-11-13T09:05:03.351Z"}
{"level":"error","message":"Error processing image uploads\\5dc20d0cf385e51f022281bbeec300ca: PDF creation failed for file output_1731488703337.pdf","timestamp":"2024-11-13T09:05:03.353Z"}
{"level":"error","message":"Failed to process image uploads\\5dc20d0cf385e51f022281bbeec300ca: Processing error for image uploads\\5dc20d0cf385e51f022281bbeec300ca","timestamp":"2024-11-13T09:05:03.354Z"}
{"level":"info","message":"Translation successful for text from image: \"WARNING: Tesseract should be either installed in the directory which is suggested during the installation or in a new\r\ndirectory. The uninstaller removes the whole installation directory. If you installed Tesseract in an existing directory, that\r\ndirectory will be removed with all its subdirectories and files.\r\n\"","timestamp":"2024-11-13T09:05:03.404Z"}
{"level":"error","message":"PDF creation error for file output_1731488703405.pdf: ENOENT: no such file or directory, open 'C:\\Users\\DELL\\OneDrive - vnu.edu.vn\\Documents\\GitHub\\Project-Img2Txt-KTPM\\font\\Roboto-Regular.ttf'","timestamp":"2024-11-13T09:05:03.416Z"}
{"level":"error","message":"Error processing image uploads\\7f308d69d9efdcc8848b33bda6144b04: PDF creation failed for file output_1731488703405.pdf","timestamp":"2024-11-13T09:05:03.417Z"}
{"level":"error","message":"Failed to process image uploads\\7f308d69d9efdcc8848b33bda6144b04: Processing error for image uploads\\7f308d69d9efdcc8848b33bda6144b04","timestamp":"2024-11-13T09:05:03.418Z"}
{"level":"info","message":"OCR successful for image: uploads\\240ea34d8f506a6a7cd51d7e7f141fd0","timestamp":"2024-11-13T09:05:03.514Z"}
{"level":"info","message":"Translation successful for text from image: \"WARNING: Tesseract should be either installed in the directory which is suggested during the installation or in a new\r\ndirectory. The uninstaller removes the whole installation directory. If you installed Tesseract in an existing directory, that\r\ndirectory will be removed with all its subdirectories and files.\r\n\"","timestamp":"2024-11-13T09:05:03.575Z"}
{"level":"error","message":"PDF creation error for file output_1731488703576.pdf: ENOENT: no such file or directory, open 'C:\\Users\\DELL\\OneDrive - vnu.edu.vn\\Documents\\GitHub\\Project-Img2Txt-KTPM\\font\\Roboto-Regular.ttf'","timestamp":"2024-11-13T09:05:03.586Z"}
{"level":"error","message":"Error processing image uploads\\240ea34d8f506a6a7cd51d7e7f141fd0: PDF creation failed for file output_1731488703576.pdf","timestamp":"2024-11-13T09:05:03.587Z"}
{"level":"error","message":"Failed to process image uploads\\240ea34d8f506a6a7cd51d7e7f141fd0: Processing error for image uploads\\240ea34d8f506a6a7cd51d7e7f141fd0","timestamp":"2024-11-13T09:05:03.588Z"}
{"level":"info","message":"OCR successful for image: uploads\\31b44d5af140106b598d4dec3526c21a","timestamp":"2024-11-13T09:05:03.699Z"}
{"level":"info","message":"Translation successful for text from image: \"WARNING: Tesseract should be either installed in the directory which is suggested during the installation or in a new\r\ndirectory. The uninstaller removes the whole installation directory. If you installed Tesseract in an existing directory, that\r\ndirectory will be removed with all its subdirectories and files.\r\n\"","timestamp":"2024-11-13T09:05:03.763Z"}
{"level":"error","message":"PDF creation error for file output_1731488703765.pdf: ENOENT: no such file or directory, open 'C:\\Users\\DELL\\OneDrive - vnu.edu.vn\\Documents\\GitHub\\Project-Img2Txt-KTPM\\font\\Roboto-Regular.ttf'","timestamp":"2024-11-13T09:05:03.778Z"}
{"level":"error","message":"Error processing image uploads\\31b44d5af140106b598d4dec3526c21a: PDF creation failed for file output_1731488703765.pdf","timestamp":"2024-11-13T09:05:03.779Z"}
{"level":"error","message":"Failed to process image uploads\\31b44d5af140106b598d4dec3526c21a: Processing error for image uploads\\31b44d5af140106b598d4dec3526c21a","timestamp":"2024-11-13T09:05:03.781Z"}
{"level":"info","message":"OCR successful for image: uploads\\34f56dbcffc03e4d735d5330af7d687b","timestamp":"2024-11-13T09:05:11.938Z"}
{"level":"info","message":"Translation successful for text from image: \"WARNING: Tesseract should be either installed in the directory which is suggested during the installation or in a new\r\ndirectory. The uninstaller removes the whole installation directory. If you installed Tesseract in an existing directory, that\r\ndirectory will be removed with all its subdirectories and files.\r\n\"","timestamp":"2024-11-13T09:05:12.060Z"}
{"level":"error","message":"PDF creation error for file output_1731488712062.pdf: ENOENT: no such file or directory, open 'C:\\Users\\DELL\\OneDrive - vnu.edu.vn\\Documents\\GitHub\\Project-Img2Txt-KTPM\\font\\Roboto-Regular.ttf'","timestamp":"2024-11-13T09:05:12.072Z"}
{"level":"error","message":"Error processing image uploads\\34f56dbcffc03e4d735d5330af7d687b: PDF creation failed for file output_1731488712062.pdf","timestamp":"2024-11-13T09:05:12.073Z"}
{"level":"error","message":"Failed to process image uploads\\34f56dbcffc03e4d735d5330af7d687b: Processing error for image uploads\\34f56dbcffc03e4d735d5330af7d687b","timestamp":"2024-11-13T09:05:12.074Z"}
{"level":"info","message":"OCR successful for image: uploads\\1209be671abb460cc56e3388ffd95e1d","timestamp":"2024-11-13T09:05:12.629Z"}
{"level":"info","message":"Translation successful for text from image: \"WARNING: Tesseract should be either installed in the directory which is suggested during the installation or in a new\r\ndirectory. The uninstaller removes the whole installation directory. If you installed Tesseract in an existing directory, that\r\ndirectory will be removed with all its subdirectories and files.\r\n\"","timestamp":"2024-11-13T09:05:12.701Z"}
{"level":"error","message":"PDF creation error for file output_1731488712702.pdf: ENOENT: no such file or directory, open 'C:\\Users\\DELL\\OneDrive - vnu.edu.vn\\Documents\\GitHub\\Project-Img2Txt-KTPM\\font\\Roboto-Regular.ttf'","timestamp":"2024-11-13T09:05:12.713Z"}
{"level":"error","message":"Error processing image uploads\\1209be671abb460cc56e3388ffd95e1d: PDF creation failed for file output_1731488712702.pdf","timestamp":"2024-11-13T09:05:12.714Z"}
{"level":"error","message":"Failed to process image uploads\\1209be671abb460cc56e3388ffd95e1d: Processing error for image uploads\\1209be671abb460cc56e3388ffd95e1d","timestamp":"2024-11-13T09:05:12.715Z"}
{"level":"info","message":"OCR successful for image: uploads\\9c968145c1d64121e159525c816477ff","timestamp":"2024-11-13T09:05:12.796Z"}
{"level":"info","message":"Translation successful for text from image: \"WARNING: Tesseract should be either installed in the directory which is suggested during the installation or in a new\r\ndirectory. The uninstaller removes the whole installation directory. If you installed Tesseract in an existing directory, that\r\ndirectory will be removed with all its subdirectories and files.\r\n\"","timestamp":"2024-11-13T09:05:12.878Z"}
{"level":"error","message":"PDF creation error for file output_1731488712879.pdf: ENOENT: no such file or directory, open 'C:\\Users\\DELL\\OneDrive - vnu.edu.vn\\Documents\\GitHub\\Project-Img2Txt-KTPM\\font\\Roboto-Regular.ttf'","timestamp":"2024-11-13T09:05:12.891Z"}
{"level":"error","message":"Error processing image uploads\\9c968145c1d64121e159525c816477ff: PDF creation failed for file output_1731488712879.pdf","timestamp":"2024-11-13T09:05:12.892Z"}
{"level":"error","message":"Failed to process image uploads\\9c968145c1d64121e159525c816477ff: Processing error for image uploads\\9c968145c1d64121e159525c816477ff","timestamp":"2024-11-13T09:05:12.893Z"}
{"level":"info","message":"OCR successful for image: uploads\\fb5e664207fdd1d245a12a9c77972f59","timestamp":"2024-11-13T09:05:17.914Z"}
{"level":"info","message":"Translation successful for text from image: \"WARNING: Tesseract should be either installed in the directory which is suggested during the installation or in a new\r\ndirectory. The uninstaller removes the whole installation directory. If you installed Tesseract in an existing directory, that\r\ndirectory will be removed with all its subdirectories and files.\r\n\"","timestamp":"2024-11-13T09:05:18.373Z"}
{"level":"error","message":"PDF creation error for file output_1731488718374.pdf: ENOENT: no such file or directory, open 'C:\\Users\\DELL\\OneDrive - vnu.edu.vn\\Documents\\GitHub\\Project-Img2Txt-KTPM\\font\\Roboto-Regular.ttf'","timestamp":"2024-11-13T09:05:18.385Z"}
{"level":"error","message":"Error processing image uploads\\fb5e664207fdd1d245a12a9c77972f59: PDF creation failed for file output_1731488718374.pdf","timestamp":"2024-11-13T09:05:18.386Z"}
{"level":"error","message":"Failed to process image uploads\\fb5e664207fdd1d245a12a9c77972f59: Processing error for image uploads\\fb5e664207fdd1d245a12a9c77972f59","timestamp":"2024-11-13T09:05:18.386Z"}
{"level":"info","message":"OCR successful for image: uploads\\9d0a17d8e1e455284655ec10af6c63e2","timestamp":"2024-11-13T09:17:39.294Z"}
{"level":"info","message":"Translation successful for text from image: \"WARNING: Tesseract should be either installed in the directory which is suggested during the installation or in a new\r\ndirectory. The uninstaller removes the whole installation directory. If you installed Tesseract in an existing directory, that\r\ndirectory will be removed with all its subdirectories and files.\r\n\"","timestamp":"2024-11-13T09:17:39.653Z"}
{"level":"error","message":"PDF creation error for file output_1731489459654.pdf: ENOENT: no such file or directory, open 'C:\\Users\\DELL\\OneDrive - vnu.edu.vn\\Documents\\GitHub\\Project-Img2Txt-KTPM\\font\\Roboto-Regular.ttf'","timestamp":"2024-11-13T09:17:39.672Z"}
{"level":"error","message":"Error processing image uploads\\9d0a17d8e1e455284655ec10af6c63e2: PDF creation failed for file output_1731489459654.pdf","timestamp":"2024-11-13T09:17:39.673Z"}
{"level":"error","message":"Failed to process image uploads\\9d0a17d8e1e455284655ec10af6c63e2: Processing error for image uploads\\9d0a17d8e1e455284655ec10af6c63e2","timestamp":"2024-11-13T09:17:39.674Z"}
{"level":"info","message":"OCR successful for image: uploads\\f5fe436bcb435d6dd475b51282c6076a","timestamp":"2024-11-13T09:17:43.438Z"}
{"level":"info","message":"Translation successful for text from image: \"WARNING: Tesseract should be either installed in the directory which is suggested during the installation or in a new\r\ndirectory. The uninstaller removes the whole installation directory. If you installed Tesseract in an existing directory, that\r\ndirectory will be removed with all its subdirectories and files.\r\n\"","timestamp":"2024-11-13T09:17:43.518Z"}
{"level":"error","message":"PDF creation error for file output_1731489463520.pdf: ENOENT: no such file or directory, open 'C:\\Users\\DELL\\OneDrive - vnu.edu.vn\\Documents\\GitHub\\Project-Img2Txt-KTPM\\font\\Roboto-Regular.ttf'","timestamp":"2024-11-13T09:17:43.532Z"}
{"level":"error","message":"Error processing image uploads\\f5fe436bcb435d6dd475b51282c6076a: PDF creation failed for file output_1731489463520.pdf","timestamp":"2024-11-13T09:17:43.533Z"}
{"level":"error","message":"Failed to process image uploads\\f5fe436bcb435d6dd475b51282c6076a: Processing error for image uploads\\f5fe436bcb435d6dd475b51282c6076a","timestamp":"2024-11-13T09:17:43.534Z"}
{"level":"info","message":"OCR successful for image: uploads\\c2bbfe7de893418947e90f8839467a06","timestamp":"2024-11-13T09:17:43.780Z"}
{"level":"info","message":"OCR successful for image: uploads\\b8a7a1f7621d69327f4b285b25dbb9a5","timestamp":"2024-11-13T09:17:43.960Z"}
{"level":"info","message":"Translation successful for text from image: \"WARNING: Tesseract should be either installed in the directory which is suggested during the installation or in a new\r\ndirectory. The uninstaller removes the whole installation directory. If you installed Tesseract in an existing directory, that\r\ndirectory will be removed with all its subdirectories and files.\r\n\"","timestamp":"2024-11-13T09:17:43.984Z"}
{"level":"error","message":"PDF creation error for file output_1731489463985.pdf: ENOENT: no such file or directory, open 'C:\\Users\\DELL\\OneDrive - vnu.edu.vn\\Documents\\GitHub\\Project-Img2Txt-KTPM\\font\\Roboto-Regular.ttf'","timestamp":"2024-11-13T09:17:43.994Z"}
{"level":"error","message":"Error processing image uploads\\c2bbfe7de893418947e90f8839467a06: PDF creation failed for file output_1731489463985.pdf","timestamp":"2024-11-13T09:17:43.994Z"}
{"level":"error","message":"Failed to process image uploads\\c2bbfe7de893418947e90f8839467a06: Processing error for image uploads\\c2bbfe7de893418947e90f8839467a06","timestamp":"2024-11-13T09:17:43.995Z"}
{"level":"info","message":"OCR successful for image: uploads\\45bfcbb792f15d62dffd8de75c53cd9e","timestamp":"2024-11-13T09:17:44.096Z"}
{"level":"info","message":"Translation successful for text from image: \"WARNING: Tesseract should be either installed in the directory which is suggested during the installation or in a new\r\ndirectory. The uninstaller removes the whole installation directory. If you installed Tesseract in an existing directory, that\r\ndirectory will be removed with all its subdirectories and files.\r\n\"","timestamp":"2024-11-13T09:17:44.119Z"}
{"level":"error","message":"PDF creation error for file output_1731489464120.pdf: ENOENT: no such file or directory, open 'C:\\Users\\DELL\\OneDrive - vnu.edu.vn\\Documents\\GitHub\\Project-Img2Txt-KTPM\\font\\Roboto-Regular.ttf'","timestamp":"2024-11-13T09:17:44.126Z"}
{"level":"error","message":"Error processing image uploads\\b8a7a1f7621d69327f4b285b25dbb9a5: PDF creation failed for file output_1731489464120.pdf","timestamp":"2024-11-13T09:17:44.127Z"}
{"level":"error","message":"Failed to process image uploads\\b8a7a1f7621d69327f4b285b25dbb9a5: Processing error for image uploads\\b8a7a1f7621d69327f4b285b25dbb9a5","timestamp":"2024-11-13T09:17:44.127Z"}
{"level":"info","message":"Translation successful for text from image: \"WARNING: Tesseract should be either installed in the directory which is suggested during the installation or in a new\r\ndirectory. The uninstaller removes the whole installation directory. If you installed Tesseract in an existing directory, that\r\ndirectory will be removed with all its subdirectories and files.\r\n\"","timestamp":"2024-11-13T09:17:44.165Z"}
{"level":"error","message":"PDF creation error for file output_1731489464166.pdf: ENOENT: no such file or directory, open 'C:\\Users\\DELL\\OneDrive - vnu.edu.vn\\Documents\\GitHub\\Project-Img2Txt-KTPM\\font\\Roboto-Regular.ttf'","timestamp":"2024-11-13T09:17:44.171Z"}
{"level":"error","message":"Error processing image uploads\\45bfcbb792f15d62dffd8de75c53cd9e: PDF creation failed for file output_1731489464166.pdf","timestamp":"2024-11-13T09:17:44.171Z"}
{"level":"error","message":"Failed to process image uploads\\45bfcbb792f15d62dffd8de75c53cd9e: Processing error for image uploads\\45bfcbb792f15d62dffd8de75c53cd9e","timestamp":"2024-11-13T09:17:44.172Z"}
{"level":"info","message":"OCR successful for image: uploads\\b0218bfac71287c474de603c66a35546","timestamp":"2024-11-13T09:17:44.214Z"}
{"level":"info","message":"Translation successful for text from image: \"WARNING: Tesseract should be either installed in the directory which is suggested during the installation or in a new\r\ndirectory. The uninstaller removes the whole installation directory. If you installed Tesseract in an existing directory, that\r\ndirectory will be removed with all its subdirectories and files.\r\n\"","timestamp":"2024-11-13T09:17:44.276Z"}
{"level":"error","message":"PDF creation error for file output_1731489464278.pdf: ENOENT: no such file or directory, open 'C:\\Users\\DELL\\OneDrive - vnu.edu.vn\\Documents\\GitHub\\Project-Img2Txt-KTPM\\font\\Roboto-Regular.ttf'","timestamp":"2024-11-13T09:17:44.288Z"}
{"level":"error","message":"Error processing image uploads\\b0218bfac71287c474de603c66a35546: PDF creation failed for file output_1731489464278.pdf","timestamp":"2024-11-13T09:17:44.289Z"}
{"level":"error","message":"Failed to process image uploads\\b0218bfac71287c474de603c66a35546: Processing error for image uploads\\b0218bfac71287c474de603c66a35546","timestamp":"2024-11-13T09:17:44.290Z"}
{"level":"info","message":"OCR successful for image: uploads\\18e6c1d6bd28a8bd402c56a3fc213a16","timestamp":"2024-11-13T09:17:44.351Z"}
{"level":"info","message":"Translation successful for text from image: \"WARNING: Tesseract should be either installed in the directory which is suggested during the installation or in a new\r\ndirectory. The uninstaller removes the whole installation directory. If you installed Tesseract in an existing directory, that\r\ndirectory will be removed with all its subdirectories and files.\r\n\"","timestamp":"2024-11-13T09:17:44.427Z"}
{"level":"error","message":"PDF creation error for file output_1731489464428.pdf: ENOENT: no such file or directory, open 'C:\\Users\\DELL\\OneDrive - vnu.edu.vn\\Documents\\GitHub\\Project-Img2Txt-KTPM\\font\\Roboto-Regular.ttf'","timestamp":"2024-11-13T09:17:44.440Z"}
{"level":"error","message":"Error processing image uploads\\18e6c1d6bd28a8bd402c56a3fc213a16: PDF creation failed for file output_1731489464428.pdf","timestamp":"2024-11-13T09:17:44.441Z"}
{"level":"error","message":"Failed to process image uploads\\18e6c1d6bd28a8bd402c56a3fc213a16: Processing error for image uploads\\18e6c1d6bd28a8bd402c56a3fc213a16","timestamp":"2024-11-13T09:17:44.442Z"}
{"level":"info","message":"OCR successful for image: uploads\\c47f1d54e3992d83b07d0655f471bbc2","timestamp":"2024-11-13T09:17:56.925Z"}
{"level":"info","message":"Translation successful for text from image: \"WARNING: Tesseract should be either installed in the directory which is suggested during the installation or in a new\r\ndirectory. The uninstaller removes the whole installation directory. If you installed Tesseract in an existing directory, that\r\ndirectory will be removed with all its subdirectories and files.\r\n\"","timestamp":"2024-11-13T09:17:57.063Z"}
{"level":"error","message":"PDF creation error for file output_1731489477065.pdf: ENOENT: no such file or directory, open 'C:\\Users\\DELL\\OneDrive - vnu.edu.vn\\Documents\\GitHub\\Project-Img2Txt-KTPM\\font\\Roboto-Regular.ttf'","timestamp":"2024-11-13T09:17:57.071Z"}
{"level":"error","message":"Error processing image uploads\\c47f1d54e3992d83b07d0655f471bbc2: PDF creation failed for file output_1731489477065.pdf","timestamp":"2024-11-13T09:17:57.072Z"}
{"level":"error","message":"Failed to process image uploads\\c47f1d54e3992d83b07d0655f471bbc2: Processing error for image uploads\\c47f1d54e3992d83b07d0655f471bbc2","timestamp":"2024-11-13T09:17:57.073Z"}
{"level":"info","message":"OCR successful for image: uploads\\b3f1feb90c50930bb8a9c663f3043776","timestamp":"2024-11-13T09:18:29.129Z"}
{"level":"info","message":"Translation successful for text from image: \"WARNING: Tesseract should be either installed in the directory which is suggested during the installation or in a new\r\ndirectory. The uninstaller removes the whole installation directory. If you installed Tesseract in an existing directory, that\r\ndirectory will be removed with all its subdirectories and files.\r\n\"","timestamp":"2024-11-13T09:18:29.243Z"}
{"level":"error","message":"PDF creation error for file output_1731489509244.pdf: ENOENT: no such file or directory, open 'C:\\Users\\DELL\\OneDrive - vnu.edu.vn\\Documents\\GitHub\\Project-Img2Txt-KTPM\\font\\Roboto-Regular.ttf'","timestamp":"2024-11-13T09:18:29.254Z"}
{"level":"error","message":"Error processing image uploads\\b3f1feb90c50930bb8a9c663f3043776: PDF creation failed for file output_1731489509244.pdf","timestamp":"2024-11-13T09:18:29.255Z"}
{"level":"error","message":"Failed to process image uploads\\b3f1feb90c50930bb8a9c663f3043776: Processing error for image uploads\\b3f1feb90c50930bb8a9c663f3043776","timestamp":"2024-11-13T09:18:29.256Z"}
{"level":"info","message":"OCR successful for image: uploads\\92c4eb57faa54d9750d0b49a0cd66847","timestamp":"2024-11-13T09:20:57.564Z"}
{"level":"info","message":"Translation successful for text from image: \"WARNING: Tesseract should be either installed in the directory which is suggested during the installation or in a new\r\ndirectory. The uninstaller removes the whole installation directory. If you installed Tesseract in an existing directory, that\r\ndirectory will be removed with all its subdirectories and files.\r\n\"","timestamp":"2024-11-13T09:20:58.013Z"}
{"level":"error","message":"PDF creation error for file output_1731489658014.pdf: ENOENT: no such file or directory, open 'C:\\Users\\DELL\\OneDrive - vnu.edu.vn\\Documents\\GitHub\\Project-Img2Txt-KTPM\\font\\Roboto-Regular.ttf'","timestamp":"2024-11-13T09:20:58.037Z"}
{"level":"error","message":"Error processing image uploads\\92c4eb57faa54d9750d0b49a0cd66847: PDF creation failed for file output_1731489658014.pdf","timestamp":"2024-11-13T09:20:58.038Z"}
{"level":"error","message":"Failed to process image uploads\\92c4eb57faa54d9750d0b49a0cd66847: Processing error for image uploads\\92c4eb57faa54d9750d0b49a0cd66847","timestamp":"2024-11-13T09:20:58.038Z"}
